<?xml version="1.0" encoding="UTF-8"?>
<testsuite xmlns:xsi="http://www.w3.org/2001/XMLSchema-instance" xsi:noNamespaceSchemaLocation="https://maven.apache.org/surefire/maven-surefire-plugin/xsd/surefire-test-report.xsd" name="com.comp301.a09akari.AppTest" time="0.02" tests="1" errors="0" skipped="0" failures="0">
  <properties>
    <property name="java.specification.version" value="19"/>
    <property name="sun.jnu.encoding" value="UTF-8"/>
    <property name="java.class.path" value="/Users/nicholasnguyen/IdeaProjects/a09-akari-Nickn2137/target/test-classes:/Users/nicholasnguyen/IdeaProjects/a09-akari-Nickn2137/target/classes:/Users/nicholasnguyen/.m2/repository/junit/junit/4.11/junit-4.11.jar:/Users/nicholasnguyen/.m2/repository/org/hamcrest/hamcrest-core/1.3/hamcrest-core-1.3.jar:/Users/nicholasnguyen/.m2/repository/org/openjfx/javafx-controls/14/javafx-controls-14.jar:/Users/nicholasnguyen/.m2/repository/org/openjfx/javafx-controls/14/javafx-controls-14-mac.jar:/Users/nicholasnguyen/.m2/repository/org/openjfx/javafx-graphics/14/javafx-graphics-14.jar:/Users/nicholasnguyen/.m2/repository/org/openjfx/javafx-graphics/14/javafx-graphics-14-mac.jar:/Users/nicholasnguyen/.m2/repository/org/openjfx/javafx-base/14/javafx-base-14.jar:/Users/nicholasnguyen/.m2/repository/org/openjfx/javafx-base/14/javafx-base-14-mac.jar:/Users/nicholasnguyen/.m2/repository/org/openjfx/javafx-fxml/14/javafx-fxml-14.jar:/Users/nicholasnguyen/.m2/repository/org/openjfx/javafx-fxml/14/javafx-fxml-14-mac.jar:"/>
    <property name="java.vm.vendor" value="Oracle Corporation"/>
    <property name="sun.arch.data.model" value="64"/>
    <property name="java.vendor.url" value="https://java.oracle.com/"/>
    <property name="os.name" value="Mac OS X"/>
    <property name="java.vm.specification.version" value="19"/>
    <property name="sun.java.launcher" value="SUN_STANDARD"/>
    <property name="user.country" value="US"/>
    <property name="sun.boot.library.path" value="/Library/Java/JavaVirtualMachines/jdk-19.jdk/Contents/Home/lib"/>
    <property name="sun.java.command" value="/Users/nicholasnguyen/IdeaProjects/a09-akari-Nickn2137/target/surefire/surefirebooter6239603731369721491.jar /Users/nicholasnguyen/IdeaProjects/a09-akari-Nickn2137/target/surefire 2024-12-05T01-05-51_172-jvmRun1 surefire14494071638215527013tmp surefire_011766759102424123360tmp"/>
    <property name="http.nonProxyHosts" value="local|*.local|169.254/16|*.169.254/16"/>
    <property name="jdk.debug" value="release"/>
    <property name="surefire.test.class.path" value="/Users/nicholasnguyen/IdeaProjects/a09-akari-Nickn2137/target/test-classes:/Users/nicholasnguyen/IdeaProjects/a09-akari-Nickn2137/target/classes:/Users/nicholasnguyen/.m2/repository/junit/junit/4.11/junit-4.11.jar:/Users/nicholasnguyen/.m2/repository/org/hamcrest/hamcrest-core/1.3/hamcrest-core-1.3.jar:/Users/nicholasnguyen/.m2/repository/org/openjfx/javafx-controls/14/javafx-controls-14.jar:/Users/nicholasnguyen/.m2/repository/org/openjfx/javafx-controls/14/javafx-controls-14-mac.jar:/Users/nicholasnguyen/.m2/repository/org/openjfx/javafx-graphics/14/javafx-graphics-14.jar:/Users/nicholasnguyen/.m2/repository/org/openjfx/javafx-graphics/14/javafx-graphics-14-mac.jar:/Users/nicholasnguyen/.m2/repository/org/openjfx/javafx-base/14/javafx-base-14.jar:/Users/nicholasnguyen/.m2/repository/org/openjfx/javafx-base/14/javafx-base-14-mac.jar:/Users/nicholasnguyen/.m2/repository/org/openjfx/javafx-fxml/14/javafx-fxml-14.jar:/Users/nicholasnguyen/.m2/repository/org/openjfx/javafx-fxml/14/javafx-fxml-14-mac.jar:"/>
    <property name="sun.cpu.endian" value="little"/>
    <property name="user.home" value="/Users/nicholasnguyen"/>
    <property name="user.language" value="en"/>
    <property name="java.specification.vendor" value="Oracle Corporation"/>
    <property name="java.version.date" value="2023-01-17"/>
    <property name="java.home" value="/Library/Java/JavaVirtualMachines/jdk-19.jdk/Contents/Home"/>
    <property name="file.separator" value="/"/>
    <property name="basedir" value="/Users/nicholasnguyen/IdeaProjects/a09-akari-Nickn2137"/>
    <property name="java.vm.compressedOopsMode" value="Zero based"/>
    <property name="line.separator" value="&#10;"/>
    <property name="java.vm.specification.vendor" value="Oracle Corporation"/>
    <property name="java.specification.name" value="Java Platform API Specification"/>
    <property name="apple.awt.application.name" value="ForkedBooter"/>
    <property name="surefire.real.class.path" value="/Users/nicholasnguyen/IdeaProjects/a09-akari-Nickn2137/target/surefire/surefirebooter6239603731369721491.jar"/>
    <property name="sun.management.compiler" value="HotSpot 64-Bit Tiered Compilers"/>
    <property name="ftp.nonProxyHosts" value="local|*.local|169.254/16|*.169.254/16"/>
    <property name="java.runtime.version" value="19.0.2+7-44"/>
    <property name="user.name" value="nicholasnguyen"/>
    <property name="stdout.encoding" value="UTF-8"/>
    <property name="path.separator" value=":"/>
    <property name="os.version" value="15.0.1"/>
    <property name="java.runtime.name" value="Java(TM) SE Runtime Environment"/>
    <property name="file.encoding" value="UTF-8"/>
    <property name="java.vm.name" value="Java HotSpot(TM) 64-Bit Server VM"/>
    <property name="localRepository" value="/Users/nicholasnguyen/.m2/repository"/>
    <property name="java.vendor.url.bug" value="https://bugreport.java.com/bugreport/"/>
    <property name="java.io.tmpdir" value="/var/folders/r4/fh35c9z52knbntc81wtl7ygw0000gn/T/"/>
    <property name="idea.version" value="2022.3.1"/>
    <property name="java.version" value="19.0.2"/>
    <property name="user.dir" value="/Users/nicholasnguyen/IdeaProjects/a09-akari-Nickn2137"/>
    <property name="os.arch" value="aarch64"/>
    <property name="java.vm.specification.name" value="Java Virtual Machine Specification"/>
    <property name="native.encoding" value="UTF-8"/>
    <property name="java.library.path" value="/Users/nicholasnguyen/Library/Java/Extensions:/Library/Java/Extensions:/Network/Library/Java/Extensions:/System/Library/Java/Extensions:/usr/lib/java:."/>
    <property name="java.vm.info" value="mixed mode, sharing"/>
    <property name="stderr.encoding" value="UTF-8"/>
    <property name="java.vendor" value="Oracle Corporation"/>
    <property name="java.vm.version" value="19.0.2+7-44"/>
    <property name="sun.io.unicode.encoding" value="UnicodeBig"/>
    <property name="socksNonProxyHosts" value="local|*.local|169.254/16|*.169.254/16"/>
    <property name="java.class.version" value="63.0"/>
  </properties>
  <testcase name="shouldAnswerWithTrue" classname="com.comp301.a09akari.AppTest" time="0.002"/>
</testsuite>